2018/04/14 11:54:24.266 - [other.net.Demo1.lambda$servlet$1] - 
	[INFO] - servlet start is success!

2018/04/14 11:54:24.266 - [other.net.Demo1.lambda$servlet$1] - 
	[INFO] - servlet start is success!

2018/04/14 11:54:24.316 - [other.net.Demo1.lambda$client$0] - 
	[INFO] - info:现在时间是:2018-4-14 11:54:24

2018/04/14 11:54:24.316 - [other.net.Demo1.lambda$client$0] - 
	[INFO] - info:现在时间是:2018-4-14 11:54:24

2018/04/14 11:54:24.318 - [other.net.Demo1.lambda$client$0] - 
	[INFO] - info:time ms==>1523678064316

2018/04/14 11:54:24.318 - [other.net.Demo1.lambda$client$0] - 
	[INFO] - info:time ms==>1523678064316

2018/04/14 11:54:24.320 - [other.net.Demo1.lambda$client$0] - 
	[INFO] - info:time ms==>1523678064316

2018/04/14 11:54:24.320 - [other.net.Demo1.lambda$client$0] - 
	[INFO] - info:time ms==>1523678064316

2018/04/14 11:54:24.323 - [other.net.Demo1.lambda$client$0] - 
	[INFO] - info:time ms==>1523678064316

2018/04/14 11:54:24.323 - [other.net.Demo1.lambda$client$0] - 
	[INFO] - info:time ms==>1523678064316

2018/04/14 11:54:24.324 - [other.net.Demo1.lambda$client$0] - 
	[INFO] - info:time ms==>1523678064316

2018/04/14 11:54:24.324 - [other.net.Demo1.lambda$client$0] - 
	[INFO] - info:time ms==>1523678064316

2018/04/14 11:54:24.327 - [other.net.Demo1.lambda$client$0] - 
	[INFO] - info:time ms==>1523678064316

2018/04/14 11:54:24.327 - [other.net.Demo1.lambda$client$0] - 
	[INFO] - info:time ms==>1523678064316

2018/04/14 11:54:24.328 - [other.net.Demo1.lambda$client$0] - 
	[INFO] - info:time ms==>1523678064316

2018/04/14 11:54:24.328 - [other.net.Demo1.lambda$client$0] - 
	[INFO] - info:time ms==>1523678064316

2018/04/14 11:54:24.329 - [other.net.Demo1.lambda$client$0] - 
	[INFO] - info:time ms==>1523678064316

2018/04/14 11:54:24.329 - [other.net.Demo1.lambda$client$0] - 
	[INFO] - info:time ms==>1523678064316

