2018/04/10 07:56:25.681 - [other.net.SocketDemoA.main] - 
	[INFO] - asdsdsdgs

2018/04/10 07:56:25.681 - [other.net.SocketDemoA.main] - 
	[INFO] - asdsdsdgs

2018/04/10 08:13:30.284 - [other.net.SocketDemoA.oneServer] - 
	[INFO] - servlet start is success!

2018/04/10 10:11:03.153 - [other.net.Demo1.lambda$servlet$1] - 
	[INFO] - servlet start is success!

2018/04/10 10:11:03.153 - [other.net.Demo1.lambda$servlet$1] - 
	[INFO] - servlet start is success!

2018/04/10 10:11:03.184 - [other.net.Demo1.lambda$client$0] - 
	[INFO] - info:现在时间是:2018-4-10 22:11:03

2018/04/10 10:11:03.184 - [other.net.Demo1.lambda$client$0] - 
	[INFO] - info:现在时间是:2018-4-10 22:11:03

2018/04/10 10:12:21.038 - [other.net.Demo1.lambda$servlet$1] - 
	[INFO] - servlet start is success!

2018/04/10 10:12:21.038 - [other.net.Demo1.lambda$servlet$1] - 
	[INFO] - servlet start is success!

2018/04/10 10:12:21.054 - [other.net.Demo1.lambda$client$0] - 
	[INFO] - info:现在时间是:2018-4-10 22:12:21

2018/04/10 10:12:21.054 - [other.net.Demo1.lambda$client$0] - 
	[INFO] - info:现在时间是:2018-4-10 22:12:21

2018/04/10 10:12:21.055 - [other.net.Demo1.lambda$client$0] - 
	[INFO] - info:1523369541052

2018/04/10 10:12:21.055 - [other.net.Demo1.lambda$client$0] - 
	[INFO] - info:1523369541052

2018/04/10 10:13:14.242 - [other.net.Demo1.lambda$servlet$1] - 
	[INFO] - servlet start is success!

2018/04/10 10:13:14.242 - [other.net.Demo1.lambda$servlet$1] - 
	[INFO] - servlet start is success!

2018/04/10 10:13:14.259 - [other.net.Demo1.lambda$client$0] - 
	[INFO] - info:现在时间是:2018-4-10 22:13:14

2018/04/10 10:13:14.259 - [other.net.Demo1.lambda$client$0] - 
	[INFO] - info:现在时间是:2018-4-10 22:13:14

2018/04/10 10:13:14.260 - [other.net.Demo1.lambda$client$0] - 
	[INFO] - info:time ms==>1523369594259

2018/04/10 10:13:14.260 - [other.net.Demo1.lambda$client$0] - 
	[INFO] - info:time ms==>1523369594259

2018/04/10 10:13:14.262 - [other.net.Demo1.lambda$client$0] - 
	[INFO] - info:time ms==>1523369594259

2018/04/10 10:13:14.262 - [other.net.Demo1.lambda$client$0] - 
	[INFO] - info:time ms==>1523369594259

2018/04/10 10:13:14.263 - [other.net.Demo1.lambda$client$0] - 
	[INFO] - info:time ms==>1523369594259

2018/04/10 10:13:14.263 - [other.net.Demo1.lambda$client$0] - 
	[INFO] - info:time ms==>1523369594259

2018/04/10 10:13:14.264 - [other.net.Demo1.lambda$client$0] - 
	[INFO] - info:time ms==>1523369594259

2018/04/10 10:13:14.264 - [other.net.Demo1.lambda$client$0] - 
	[INFO] - info:time ms==>1523369594259

2018/04/10 10:13:14.265 - [other.net.Demo1.lambda$client$0] - 
	[INFO] - info:time ms==>1523369594259

2018/04/10 10:13:14.265 - [other.net.Demo1.lambda$client$0] - 
	[INFO] - info:time ms==>1523369594259

2018/04/10 10:13:14.267 - [other.net.Demo1.lambda$client$0] - 
	[INFO] - info:time ms==>1523369594259

2018/04/10 10:13:14.267 - [other.net.Demo1.lambda$client$0] - 
	[INFO] - info:time ms==>1523369594259

2018/04/10 10:13:14.268 - [other.net.Demo1.lambda$client$0] - 
	[INFO] - info:time ms==>1523369594259

2018/04/10 10:13:14.268 - [other.net.Demo1.lambda$client$0] - 
	[INFO] - info:time ms==>1523369594259

