2018/08/09 10:05:29.443 - [com.regex.DemoB.test1] - 
	[INFO] - 学习开始了!

2018/08/09 10:05:29.443 - [com.regex.DemoB.test1] - 
	[INFO] - 学习开始了!

2018/08/09 10:06:36.038 - [com.regex.DemoB.test1] - 
	[INFO] - 学习开始了!913097534583586

2018/08/09 10:06:36.038 - [com.regex.DemoB.test1] - 
	[INFO] - 学习开始了!913097534583586

2018/08/09 10:15:22.835 - [com.regex.DemoB.printA] - 
	[INFO] - ==> public

2018/08/09 10:15:22.835 - [com.regex.DemoB.printA] - 
	[INFO] - ==> public

2018/08/09 10:20:00.382 - [com.regex.DemoB.printA] - 
	[INFO] - ==> stated that th

2018/08/09 10:20:00.382 - [com.regex.DemoB.printA] - 
	[INFO] - ==> stated that th

2018/08/09 10:26:51.777 - [com.regex.DemoB.printA] - 
	[INFO] - ==> 灵

2018/08/09 10:26:51.777 - [com.regex.DemoB.printA] - 
	[INFO] - ==> 灵

2018/08/09 10:26:51.785 - [com.regex.DemoB.printA] - 
	[INFO] - ==> 灵

2018/08/09 10:26:51.785 - [com.regex.DemoB.printA] - 
	[INFO] - ==> 灵

2018/08/09 10:29:34.468 - [com.regex.DemoB.test5] - 
	[INFO] - DemoB.java

2018/08/09 10:29:34.468 - [com.regex.DemoB.test5] - 
	[INFO] - DemoB.java

2018/08/09 10:31:51.926 - [com.regex.DemoB.printA] - 
	[INFO] - ==> emoB.java

2018/08/09 10:31:51.926 - [com.regex.DemoB.printA] - 
	[INFO] - ==> emoB.java

2018/08/09 10:32:11.943 - [com.regex.DemoB.printA] - 
	[INFO] - ==> DemoB.java

2018/08/09 10:32:11.943 - [com.regex.DemoB.printA] - 
	[INFO] - ==> DemoB.java

2018/08/09 10:38:19.368 - [com.regex.DemoB.printA] - 
	[INFO] - ==> TAM

2018/08/09 10:38:19.368 - [com.regex.DemoB.printA] - 
	[INFO] - ==> TAM

2018/08/09 10:38:19.375 - [com.regex.DemoB.printA] - 
	[INFO] - ==> the

2018/08/09 10:38:19.375 - [com.regex.DemoB.printA] - 
	[INFO] - ==> the

2018/08/09 10:38:19.376 - [com.regex.DemoB.printA] - 
	[INFO] - ==> the

2018/08/09 10:38:19.376 - [com.regex.DemoB.printA] - 
	[INFO] - ==> the

2018/08/09 10:46:07.584 - [com.regex.DemoB.printA] - 
	[INFO] - ==> control

2018/08/09 10:46:07.584 - [com.regex.DemoB.printA] - 
	[INFO] - ==> control

2018/08/09 10:46:07.592 - [com.regex.DemoB.printA] - 
	[INFO] - ==> various

2018/08/09 10:46:07.592 - [com.regex.DemoB.printA] - 
	[INFO] - ==> various

2018/08/09 10:50:02.434 - [com.regex.DemoB.printA] - 
	[INFO] - ==> http://

2018/08/09 10:50:02.434 - [com.regex.DemoB.printA] - 
	[INFO] - ==> http://

