2018/07/28 05:11:44.736 - [other.base.operator.LogicDemo.boolA] - 
	[INFO] - ---boolean:false

2018/07/28 05:13:58.587 - [other.base.operator.LogicDemo.boolA] - 
	[INFO] - 原始数据:i34

2018/07/28 05:13:58.598 - [other.base.operator.LogicDemo.boolA] - 
	[INFO] - 原始数据:j34

2018/07/28 05:14:57.750 - [other.base.operator.LogicDemo.boolA] - 
	[INFO] - 原始数据:i98

2018/07/28 05:14:57.759 - [other.base.operator.LogicDemo.boolA] - 
	[INFO] - 原始数据:j98

2018/07/28 05:15:19.880 - [other.base.operator.LogicDemo.boolA] - 
	[INFO] - 原始数据:i88

2018/07/28 05:15:19.892 - [other.base.operator.LogicDemo.boolA] - 
	[INFO] - 原始数据:j88

2018/07/28 05:15:19.894 - [other.base.operator.LogicDemo.boolA] - 
	[INFO] - i > j---boolean: true

2018/07/28 05:15:38.839 - [other.base.operator.LogicDemo.boolA] - 
	[INFO] - 原始数据i:75

2018/07/28 05:15:38.849 - [other.base.operator.LogicDemo.boolA] - 
	[INFO] - 原始数据j:75

2018/07/28 05:15:38.850 - [other.base.operator.LogicDemo.boolA] - 
	[INFO] - i > j---boolean: false

2018/07/28 05:17:15.279 - [other.base.operator.LogicDemo.boolA] - 
	[INFO] - 原始数据i:4

2018/07/28 05:17:15.293 - [other.base.operator.LogicDemo.boolA] - 
	[INFO] - 原始数据j:4

2018/07/28 05:17:15.294 - [other.base.operator.LogicDemo.boolA] - 
	[INFO] - i > j---boolean: false

2018/07/28 05:47:34.326 - [other.base.operator.LogicDemo.boolA] - 
	[INFO] - 原始数据i:16

2018/07/28 05:47:34.337 - [other.base.operator.LogicDemo.boolA] - 
	[INFO] - 原始数据j:16

2018/07/28 05:47:34.339 - [other.base.operator.LogicDemo.boolA] - 
	[INFO] - i > j---boolean: false

2018/07/28 05:47:34.343 - [other.base.operator.LogicDemo.boolA] - 
	[INFO] - 原始数据a= 5

2018/07/28 05:47:34.344 - [other.base.operator.LogicDemo.boolA] - 
	[INFO] - 原始数据b= 7

2018/07/28 05:52:13.000 - [other.base.operator.LogicDemo.boolA] - 
	[INFO] - 原始数据i: 0

2018/07/28 05:52:13.021 - [other.base.operator.LogicDemo.boolA] - 
	[INFO] - 原始数据j 27

2018/07/28 05:52:13.024 - [other.base.operator.LogicDemo.boolA] - 
	[INFO] - i > j---boolean: false

2018/07/28 05:52:13.026 - [other.base.operator.LogicDemo.boolA] - 
	[INFO] - 原始数据a= 4

2018/07/28 05:52:13.027 - [other.base.operator.LogicDemo.boolA] - 
	[INFO] - 原始数据b= 4

2018/07/28 05:54:31.496 - [other.base.operator.LogicDemo.boolA] - 
	[INFO] - 原始数据i: 84

2018/07/28 05:54:31.504 - [other.base.operator.LogicDemo.boolA] - 
	[INFO] - 原始数据j 25

2018/07/28 05:54:31.505 - [other.base.operator.LogicDemo.boolA] - 
	[INFO] - i > j---boolean: true

2018/07/28 05:54:31.508 - [other.base.operator.LogicDemo.boolA] - 
	[INFO] - 原始数据a= 1

2018/07/28 05:54:31.509 - [other.base.operator.LogicDemo.boolA] - 
	[INFO] - 原始数据b= 8

2018/07/28 05:54:31.510 - [other.base.operator.LogicDemo.boolA] - 
	[INFO] - a==b 结果: false

2018/07/28 05:54:45.020 - [other.base.operator.LogicDemo.boolA] - 
	[INFO] - 原始数据i: 86

2018/07/28 05:54:45.028 - [other.base.operator.LogicDemo.boolA] - 
	[INFO] - 原始数据j 34

2018/07/28 05:54:45.029 - [other.base.operator.LogicDemo.boolA] - 
	[INFO] - i > j---boolean: true

2018/07/28 05:54:45.031 - [other.base.operator.LogicDemo.boolA] - 
	[INFO] - 原始数据a= 0

2018/07/28 05:54:45.032 - [other.base.operator.LogicDemo.boolA] - 
	[INFO] - 原始数据b= 1

2018/07/28 05:54:45.033 - [other.base.operator.LogicDemo.boolA] - 
	[INFO] - a==b 结果: false

2018/07/28 05:54:52.659 - [other.base.operator.LogicDemo.boolA] - 
	[INFO] - 原始数据i: 67

2018/07/28 05:54:52.665 - [other.base.operator.LogicDemo.boolA] - 
	[INFO] - 原始数据j 68

2018/07/28 05:54:52.666 - [other.base.operator.LogicDemo.boolA] - 
	[INFO] - i > j---boolean: false

2018/07/28 05:54:52.667 - [other.base.operator.LogicDemo.boolA] - 
	[INFO] - 原始数据a= 1

2018/07/28 05:54:52.669 - [other.base.operator.LogicDemo.boolA] - 
	[INFO] - 原始数据b= 3

2018/07/28 05:54:52.671 - [other.base.operator.LogicDemo.boolA] - 
	[INFO] - a==b 结果: false

2018/07/28 05:56:06.284 - [other.base.operator.LogicDemo.boolA] - 
	[INFO] - 原始数据i: 63

2018/07/28 05:56:06.317 - [other.base.operator.LogicDemo.boolA] - 
	[INFO] - 原始数据j 58

2018/07/28 05:56:06.318 - [other.base.operator.LogicDemo.boolA] - 
	[INFO] - i > j---boolean: true

2018/07/28 05:56:06.320 - [other.base.operator.LogicDemo.boolA] - 
	[INFO] - 原始数据a= 9

2018/07/28 05:56:06.322 - [other.base.operator.LogicDemo.boolA] - 
	[INFO] - 原始数据b= 7

2018/07/28 05:56:06.323 - [other.base.operator.LogicDemo.boolA] - 
	[INFO] - a==b 结果: false

2018/07/28 05:56:06.327 - [other.base.operator.LogicDemo.boolA] - 
	[INFO] - a>=b 结果: true

2018/07/28 05:56:06.328 - [other.base.operator.LogicDemo.boolA] - 
	[INFO] - a!=b 结果: true

2018/07/28 05:56:06.329 - [other.base.operator.LogicDemo.boolA] - 
	[INFO] - a<=b 结果: false

2018/07/28 05:56:06.331 - [other.base.operator.LogicDemo.boolA] - 
	[INFO] - a<b 结果: false

2018/07/28 06:38:55.551 - [other.base.reflection.ReflectionExampleMethodDemo.main] - 
	[INFO] - class name: ReflectionExampleMethodDemo

2018/07/28 06:38:55.551 - [other.base.reflection.ReflectionExampleMethodDemo.main] - 
	[INFO] - class name: ReflectionExampleMethodDemo

2018/07/28 06:42:20.862 - [other.base.reflection.ReflectionExampleMethodDemo.main] - 
	[INFO] - class name: ReflectionExampleMethodDemo

2018/07/28 06:42:20.862 - [other.base.reflection.ReflectionExampleMethodDemo.main] - 
	[INFO] - class name: ReflectionExampleMethodDemo

2018/07/28 06:42:47.327 - [other.base.reflection.ReflectionExampleMethodDemo.main] - 
	[INFO] - class name: ReflectionExampleMethodDemo

2018/07/28 06:42:47.327 - [other.base.reflection.ReflectionExampleMethodDemo.main] - 
	[INFO] - class name: ReflectionExampleMethodDemo

2018/07/28 06:43:12.282 - [other.base.reflection.ReflectionExampleMethodDemo.main] - 
	[INFO] - class name: ReflectionExampleMethodDemo

2018/07/28 06:43:12.282 - [other.base.reflection.ReflectionExampleMethodDemo.main] - 
	[INFO] - class name: ReflectionExampleMethodDemo

2018/07/28 06:43:12.299 - [other.base.reflection.ReflectionExampleMethodDemo.main] - 
	[INFO] - method name: main

2018/07/28 06:43:12.299 - [other.base.reflection.ReflectionExampleMethodDemo.main] - 
	[INFO] - method name: main

2018/07/28 06:43:12.303 - [other.base.reflection.ReflectionExampleMethodDemo.main] - 
	[INFO] - method name: info

2018/07/28 06:43:12.303 - [other.base.reflection.ReflectionExampleMethodDemo.main] - 
	[INFO] - method name: info

2018/07/28 06:43:12.305 - [other.base.reflection.ReflectionExampleMethodDemo.main] - 
	[INFO] - method name: wait

2018/07/28 06:43:12.305 - [other.base.reflection.ReflectionExampleMethodDemo.main] - 
	[INFO] - method name: wait

2018/07/28 06:43:12.307 - [other.base.reflection.ReflectionExampleMethodDemo.main] - 
	[INFO] - method name: wait

2018/07/28 06:43:12.307 - [other.base.reflection.ReflectionExampleMethodDemo.main] - 
	[INFO] - method name: wait

2018/07/28 06:43:12.310 - [other.base.reflection.ReflectionExampleMethodDemo.main] - 
	[INFO] - method name: wait

2018/07/28 06:43:12.310 - [other.base.reflection.ReflectionExampleMethodDemo.main] - 
	[INFO] - method name: wait

2018/07/28 06:43:12.312 - [other.base.reflection.ReflectionExampleMethodDemo.main] - 
	[INFO] - method name: equals

2018/07/28 06:43:12.312 - [other.base.reflection.ReflectionExampleMethodDemo.main] - 
	[INFO] - method name: equals

2018/07/28 06:43:12.314 - [other.base.reflection.ReflectionExampleMethodDemo.main] - 
	[INFO] - method name: toString

2018/07/28 06:43:12.314 - [other.base.reflection.ReflectionExampleMethodDemo.main] - 
	[INFO] - method name: toString

2018/07/28 06:43:12.315 - [other.base.reflection.ReflectionExampleMethodDemo.main] - 
	[INFO] - method name: hashCode

2018/07/28 06:43:12.315 - [other.base.reflection.ReflectionExampleMethodDemo.main] - 
	[INFO] - method name: hashCode

2018/07/28 06:43:12.316 - [other.base.reflection.ReflectionExampleMethodDemo.main] - 
	[INFO] - method name: getClass

2018/07/28 06:43:12.316 - [other.base.reflection.ReflectionExampleMethodDemo.main] - 
	[INFO] - method name: getClass

2018/07/28 06:43:12.318 - [other.base.reflection.ReflectionExampleMethodDemo.main] - 
	[INFO] - method name: notify

2018/07/28 06:43:12.318 - [other.base.reflection.ReflectionExampleMethodDemo.main] - 
	[INFO] - method name: notify

2018/07/28 06:43:12.319 - [other.base.reflection.ReflectionExampleMethodDemo.main] - 
	[INFO] - method name: notifyAll

2018/07/28 06:43:12.319 - [other.base.reflection.ReflectionExampleMethodDemo.main] - 
	[INFO] - method name: notifyAll

2018/07/28 06:46:31.541 - [other.base.reflection.ReflectionExampleMethodDemo.main] - 
	[INFO] - class name: ReflectionExampleMethodDemo

2018/07/28 06:46:31.541 - [other.base.reflection.ReflectionExampleMethodDemo.main] - 
	[INFO] - class name: ReflectionExampleMethodDemo

2018/07/28 06:46:31.553 - [other.base.reflection.ReflectionExampleMethodDemo.main] - 
	[INFO] - DeclaredMethod name: main

2018/07/28 06:46:31.553 - [other.base.reflection.ReflectionExampleMethodDemo.main] - 
	[INFO] - DeclaredMethod name: main

2018/07/28 06:46:31.554 - [other.base.reflection.ReflectionExampleMethodDemo.main] - 
	[INFO] - DeclaredMethod name: log

2018/07/28 06:46:31.554 - [other.base.reflection.ReflectionExampleMethodDemo.main] - 
	[INFO] - DeclaredMethod name: log

2018/07/28 06:46:31.556 - [other.base.reflection.ReflectionExampleMethodDemo.main] - 
	[INFO] - DeclaredMethod name: info

2018/07/28 06:46:31.556 - [other.base.reflection.ReflectionExampleMethodDemo.main] - 
	[INFO] - DeclaredMethod name: info

